0 verbose cli /usr/local/nvm/versions/node/v18.19.1/bin/node /usr/local/nvm/versions/node/v18.19.1/lib/node_modules/npm/bin/npm-cli.js
1 info using npm@10.2.4
2 info using node@v18.19.1
3 timing npm:load:whichnode Completed in 1ms
4 timing config:load:defaults Completed in 1ms
5 timing config:load:file:/usr/local/nvm/versions/node/v18.19.1/lib/node_modules/npm/npmrc Completed in 1ms
6 timing config:load:builtin Completed in 1ms
7 timing config:load:cli Completed in 2ms
8 timing config:load:env Completed in 0ms
9 timing config:load:project Completed in 2ms
10 timing config:load:file:/app/.npmrc Completed in 0ms
11 timing config:load:user Completed in 0ms
12 timing config:load:file:/usr/local/nvm/versions/node/v18.19.1/etc/npmrc Completed in 0ms
13 timing config:load:global Completed in 0ms
14 timing config:load:setEnvs Completed in 1ms
15 timing config:load Completed in 9ms
16 timing npm:load:configload Completed in 9ms
17 timing config:load:flatten Completed in 2ms
18 timing npm:load:mkdirpcache Completed in 4ms
19 timing npm:load:mkdirplogs Completed in 5ms
20 verbose title npm exec tsc --noEmit --project tsconfig.json
21 verbose argv "exec" "--" "tsc" "--noEmit" "--project" "tsconfig.json"
22 timing npm:load:setTitle Completed in 1ms
23 timing npm:load:display Completed in 0ms
24 verbose logfile logs-max:10 dir:/app/.npm/_logs/2025-05-08T07_26_40_210Z-
25 verbose logfile /app/.npm/_logs/2025-05-08T07_26_40_210Z-debug-0.log
26 timing npm:load:logFile Completed in 11ms
27 timing npm:load:timers Completed in 1ms
28 timing npm:load:configScope Completed in 0ms
29 timing npm:load Completed in 47ms
30 silly logfile done cleaning log files
31 http fetch GET 200 https://registry.npmjs.org/npm 234ms (cache miss)
32 timing command:exec Completed in 3732ms
33 notice
33 notice New major version of npm available! 10.2.4 -> 11.3.0
33 notice Changelog: <https://github.com/npm/cli/releases/tag/v11.3.0>
33 notice Run `npm install -g npm@11.3.0` to update!
33 notice
34 verbose exit 2
35 timing npm Completed in 3958ms
36 verbose code 2
