0 verbose cli /usr/local/nvm/versions/node/v18.19.1/bin/node /usr/local/nvm/versions/node/v18.19.1/lib/node_modules/npm/bin/npm-cli.js
1 info using npm@10.2.4
2 info using node@v18.19.1
3 timing npm:load:whichnode Completed in 1ms
4 timing config:load:defaults Completed in 2ms
5 timing config:load:file:/usr/local/nvm/versions/node/v18.19.1/lib/node_modules/npm/npmrc Completed in 1ms
6 timing config:load:builtin Completed in 1ms
7 timing config:load:cli Completed in 2ms
8 timing config:load:env Completed in 0ms
9 timing config:load:project Completed in 3ms
10 timing config:load:file:/app/.npmrc Completed in 1ms
11 timing config:load:user Completed in 1ms
12 timing config:load:file:/usr/local/nvm/versions/node/v18.19.1/etc/npmrc Completed in 0ms
13 timing config:load:global Completed in 0ms
14 timing config:load:setEnvs Completed in 1ms
15 timing config:load Completed in 10ms
16 timing npm:load:configload Completed in 11ms
17 timing config:load:flatten Completed in 2ms
18 timing npm:load:mkdirpcache Completed in 0ms
19 timing npm:load:mkdirplogs Completed in 2ms
20 verbose title npm exec eslint --format unix -- src/components/InterviewSimulator.tsx src/types/speech-recognition.d.ts
21 verbose argv "exec" "--" "eslint" "--format" "unix" "--" "src/components/InterviewSimulator.tsx" "src/types/speech-recognition.d.ts"
22 timing npm:load:setTitle Completed in 1ms
23 timing npm:load:display Completed in 1ms
24 verbose logfile logs-max:10 dir:/app/.npm/_logs/2025-05-08T07_27_24_495Z-
25 verbose logfile /app/.npm/_logs/2025-05-08T07_27_24_495Z-debug-0.log
26 timing npm:load:logFile Completed in 12ms
27 timing npm:load:timers Completed in 0ms
28 timing npm:load:configScope Completed in 0ms
29 timing npm:load Completed in 43ms
30 silly logfile done cleaning log files
31 timing command:exec Completed in 4404ms
32 verbose exit 1
33 timing npm Completed in 4615ms
34 verbose code 1
